This file contains any messages produced by compilers while
running configure, to aid debugging if configure makes a mistake.

It was created by wang configure 0.1, which was
generated by GNU Autoconf 2.67.  Invocation command line was

  $ ./configure 

## --------- ##
## Platform. ##
## --------- ##

hostname = badgge
uname -m = i686
uname -r = 2.6.35-30-generic
uname -s = Linux
uname -v = #61-Ubuntu SMP Tue Oct 11 15:29:15 UTC 2011

/usr/bin/uname -p = unknown
/bin/uname -X     = unknown

/bin/arch              = unknown
/usr/bin/arch -k       = unknown
/usr/convex/getsysinfo = unknown
/usr/bin/hostinfo      = unknown
/bin/machine           = unknown
/usr/bin/oslevel       = unknown
/bin/universe          = unknown

PATH: /home/badegg/bin
PATH: /usr/local/sbin
PATH: /usr/local/bin
PATH: /usr/sbin
PATH: /usr/bin
PATH: /sbin
PATH: /bin
PATH: /usr/games


## ----------- ##
## Core tests. ##
## ----------- ##

configure:1774: checking for a BSD-compatible install
configure:1842: result: /usr/bin/install -c
configure:1853: checking whether build environment is sane
configure:1903: result: yes
configure:2044: checking for a thread-safe mkdir -p
configure:2083: result: /bin/mkdir -p
configure:2096: checking for gawk
configure:2126: result: no
configure:2096: checking for mawk
configure:2112: found /usr/bin/mawk
configure:2123: result: mawk
configure:2134: checking whether make sets $(MAKE)
configure:2156: result: yes
configure:2290: checking for gfortran
configure:2306: found /usr/bin/gfortran
configure:2317: result: gfortran
configure:2343: checking for Fortran compiler version
configure:2352: gfortran --version >&5
GNU Fortran (Ubuntu/Linaro 4.4.4-14ubuntu5) 4.4.5
Copyright (C) 2010 Free Software Foundation, Inc.

GNU Fortran comes with NO WARRANTY, to the extent permitted by law.
You may redistribute copies of GNU Fortran
under the terms of the GNU General Public License.
For more information about these matters, see the file named COPYING

configure:2363: $? = 0
configure:2352: gfortran -v >&5
Using built-in specs.
Target: i686-linux-gnu
Configured with: ../src/configure -v --with-pkgversion='Ubuntu/Linaro 4.4.4-14ubuntu5' --with-bugurl=file:///usr/share/doc/gcc-4.4/README.Bugs --enable-languages=c,c++,fortran,objc,obj-c++ --prefix=/usr --program-suffix=-4.4 --enable-shared --enable-multiarch --enable-linker-build-id --with-system-zlib --libexecdir=/usr/lib --without-included-gettext --enable-threads=posix --with-gxx-include-dir=/usr/include/c++/4.4 --libdir=/usr/lib --enable-nls --with-sysroot=/ --enable-clocale=gnu --enable-libstdcxx-debug --enable-objc-gc --enable-targets=all --disable-werror --with-arch-32=i686 --with-tune=generic --enable-checking=release --build=i686-linux-gnu --host=i686-linux-gnu --target=i686-linux-gnu
Thread model: posix
gcc version 4.4.5 (Ubuntu/Linaro 4.4.4-14ubuntu5) 
configure:2363: $? = 0
configure:2352: gfortran -V >&5
gfortran: '-V' option must have argument
configure:2363: $? = 1
configure:2352: gfortran -qversion >&5
gfortran: unrecognized option '-qversion'
gfortran: no input files
configure:2363: $? = 1
configure:2378: checking whether the Fortran compiler works
configure:2400: gfortran    conftest.f  >&5
configure:2404: $? = 0
configure:2452: result: yes
configure:2455: checking for Fortran compiler default output file name
configure:2457: result: a.out
configure:2463: checking for suffix of executables
configure:2470: gfortran -o conftest    conftest.f  >&5
configure:2474: $? = 0
configure:2496: result: 
configure:2512: checking whether we are cross compiling
configure:2520: gfortran -o conftest    conftest.f  >&5
configure:2524: $? = 0
configure:2531: ./conftest
configure:2535: $? = 0
configure:2550: result: no
configure:2555: checking for suffix of object files
configure:2571: gfortran -c   conftest.f >&5
configure:2575: $? = 0
configure:2596: result: o
configure:2604: checking whether we are using the GNU Fortran compiler
configure:2617: gfortran -c   conftest.F >&5
configure:2617: $? = 0
configure:2626: result: yes
configure:2632: checking whether gfortran accepts -g
configure:2643: gfortran -c -g  conftest.f >&5
configure:2643: $? = 0
configure:2651: result: yes
configure:2832: creating ./config.status

## ---------------------- ##
## Running config.status. ##
## ---------------------- ##

This file was extended by wang config.status 0.1, which was
generated by GNU Autoconf 2.67.  Invocation command line was

  CONFIG_FILES    = 
  CONFIG_HEADERS  = 
  CONFIG_LINKS    = 
  CONFIG_COMMANDS = 
  $ ./config.status 

on badgge

config.status:756: creating Makefile
config.status:756: creating src/Makefile

## ---------------- ##
## Cache variables. ##
## ---------------- ##

ac_cv_env_FCFLAGS_set=
ac_cv_env_FCFLAGS_value=
ac_cv_env_FC_set=
ac_cv_env_FC_value=
ac_cv_env_LDFLAGS_set=
ac_cv_env_LDFLAGS_value=
ac_cv_env_LIBS_set=
ac_cv_env_LIBS_value=
ac_cv_env_build_alias_set=
ac_cv_env_build_alias_value=
ac_cv_env_host_alias_set=
ac_cv_env_host_alias_value=
ac_cv_env_target_alias_set=
ac_cv_env_target_alias_value=
ac_cv_fc_compiler_gnu=yes
ac_cv_objext=o
ac_cv_path_install='/usr/bin/install -c'
ac_cv_path_mkdir=/bin/mkdir
ac_cv_prog_AWK=mawk
ac_cv_prog_ac_ct_FC=gfortran
ac_cv_prog_fc_g=yes
ac_cv_prog_make_make_set=yes

## ----------------- ##
## Output variables. ##
## ----------------- ##

ACLOCAL='${SHELL} /home/badegg/Documents/automake/eulerwwd/missing --run aclocal-1.11'
AMTAR='${SHELL} /home/badegg/Documents/automake/eulerwwd/missing --run tar'
AUTOCONF='${SHELL} /home/badegg/Documents/automake/eulerwwd/missing --run autoconf'
AUTOHEADER='${SHELL} /home/badegg/Documents/automake/eulerwwd/missing --run autoheader'
AUTOMAKE='${SHELL} /home/badegg/Documents/automake/eulerwwd/missing --run automake-1.11'
AWK='mawk'
CYGPATH_W='echo'
DEFS='-DPACKAGE_NAME=\"wang\" -DPACKAGE_TARNAME=\"wang\" -DPACKAGE_VERSION=\"0.1\" -DPACKAGE_STRING=\"wang\ 0.1\" -DPACKAGE_BUGREPORT=\"roover.wd@gmail.com\" -DPACKAGE_URL=\"\" -DPACKAGE=\"wang\" -DVERSION=\"0.1\"'
ECHO_C=''
ECHO_N='-n'
ECHO_T=''
EXEEXT=''
FC='gfortran'
FCFLAGS='-g -O2'
INSTALL_DATA='${INSTALL} -m 644'
INSTALL_PROGRAM='${INSTALL}'
INSTALL_SCRIPT='${INSTALL}'
INSTALL_STRIP_PROGRAM='$(install_sh) -c -s'
LDFLAGS=''
LIBOBJS=''
LIBS=''
LTLIBOBJS=''
MAKEINFO='${SHELL} /home/badegg/Documents/automake/eulerwwd/missing --run makeinfo'
MKDIR_P='/bin/mkdir -p'
OBJEXT='o'
PACKAGE='wang'
PACKAGE_BUGREPORT='roover.wd@gmail.com'
PACKAGE_NAME='wang'
PACKAGE_STRING='wang 0.1'
PACKAGE_TARNAME='wang'
PACKAGE_URL=''
PACKAGE_VERSION='0.1'
PATH_SEPARATOR=':'
SET_MAKE=''
SHELL='/bin/bash'
STRIP=''
VERSION='0.1'
ac_ct_FC='gfortran'
am__EXEEXT_FALSE=''
am__EXEEXT_TRUE='#'
am__isrc=''
am__leading_dot='.'
am__tar='${AMTAR} chof - "$$tardir"'
am__untar='${AMTAR} xf -'
bindir='${exec_prefix}/bin'
build_alias=''
datadir='${datarootdir}'
datarootdir='${prefix}/share'
docdir='${datarootdir}/doc/${PACKAGE_TARNAME}'
dvidir='${docdir}'
exec_prefix='${prefix}'
host_alias=''
htmldir='${docdir}'
includedir='${prefix}/include'
infodir='${datarootdir}/info'
install_sh='${SHELL} /home/badegg/Documents/automake/eulerwwd/install-sh'
libdir='${exec_prefix}/lib'
libexecdir='${exec_prefix}/libexec'
localedir='${datarootdir}/locale'
localstatedir='${prefix}/var'
mandir='${datarootdir}/man'
mkdir_p='/bin/mkdir -p'
oldincludedir='/usr/include'
pdfdir='${docdir}'
prefix='/usr/local'
program_transform_name='s,x,x,'
psdir='${docdir}'
sbindir='${exec_prefix}/sbin'
sharedstatedir='${prefix}/com'
sysconfdir='${prefix}/etc'
target_alias=''

## ----------- ##
## confdefs.h. ##
## ----------- ##

/* confdefs.h */
#define PACKAGE_NAME "wang"
#define PACKAGE_TARNAME "wang"
#define PACKAGE_VERSION "0.1"
#define PACKAGE_STRING "wang 0.1"
#define PACKAGE_BUGREPORT "roover.wd@gmail.com"
#define PACKAGE_URL ""
#define PACKAGE "wang"
#define VERSION "0.1"

configure: exit 0
